{"contracts/Voting.sol":{"l":{"42":52,"43":48,"51":2,"55":1,"62":113,"63":112,"65":111,"66":111,"73":32,"74":31,"77":30,"78":30,"79":30,"80":30,"86":13,"87":13,"88":13,"90":13,"91":13,"92":13,"94":13,"101":48,"102":43,"104":43,"105":43,"106":43,"108":43,"112":36,"113":31,"114":31,"118":28,"119":23,"120":23,"124":20,"125":15,"126":15,"131":13,"132":8,"133":8,"134":16,"135":7,"138":8,"140":8,"141":8},"path":"/Users/jordandivita/dev/project2/contracts/Voting.sol","s":{"1":52,"2":2,"3":1,"4":113,"5":112,"6":111,"7":32,"8":31,"9":30,"10":30,"11":30,"12":13,"13":13,"14":13,"15":13,"16":48,"17":43,"18":43,"19":43,"20":36,"21":31,"22":28,"23":23,"24":20,"25":15,"26":13,"27":8,"28":8,"29":16,"30":8},"b":{"1":[48,4],"2":[2,2],"3":[1,0],"4":[113,1],"5":[112,1],"6":[111,1],"7":[32,1],"8":[31,1],"9":[30,1],"10":[13,1],"11":[13,0],"12":[13,0],"13":[13,0],"14":[48,1],"15":[43,5],"16":[36,1],"17":[31,5],"18":[28,1],"19":[23,5],"20":[20,1],"21":[15,5],"22":[13,1],"23":[8,5],"24":[7,9]},"f":{"1":52,"2":2,"3":1,"4":113,"5":32,"6":13,"7":48,"8":36,"9":28,"10":20,"11":13},"fnMap":{"1":{"name":"onlyVoters","line":41,"loc":{"start":{"line":41,"column":4},"end":{"line":44,"column":4}}},"2":{"name":"getVoter","line":50,"loc":{"start":{"line":50,"column":4},"end":{"line":52,"column":4}}},"3":{"name":"getOneProposal","line":54,"loc":{"start":{"line":54,"column":4},"end":{"line":56,"column":4}}},"4":{"name":"addVoter","line":61,"loc":{"start":{"line":61,"column":4},"end":{"line":67,"column":4}}},"5":{"name":"addProposal","line":72,"loc":{"start":{"line":72,"column":4},"end":{"line":81,"column":4}}},"6":{"name":"setVote","line":85,"loc":{"start":{"line":85,"column":4},"end":{"line":95,"column":4}}},"7":{"name":"startProposalsRegistering","line":100,"loc":{"start":{"line":100,"column":4},"end":{"line":109,"column":4}}},"8":{"name":"endProposalsRegistering","line":111,"loc":{"start":{"line":111,"column":4},"end":{"line":115,"column":4}}},"9":{"name":"startVotingSession","line":117,"loc":{"start":{"line":117,"column":4},"end":{"line":121,"column":4}}},"10":{"name":"endVotingSession","line":123,"loc":{"start":{"line":123,"column":4},"end":{"line":127,"column":4}}},"11":{"name":"tallyVotes","line":130,"loc":{"start":{"line":130,"column":3},"end":{"line":142,"column":4}}}},"statementMap":{"1":{"start":{"line":42,"column":8},"end":{"line":42,"column":69}},"2":{"start":{"line":51,"column":8},"end":{"line":51,"column":28}},"3":{"start":{"line":55,"column":8},"end":{"line":55,"column":34}},"4":{"start":{"line":62,"column":8},"end":{"line":62,"column":105}},"5":{"start":{"line":63,"column":8},"end":{"line":63,"column":72}},"6":{"start":{"line":66,"column":8},"end":{"line":66,"column":35}},"7":{"start":{"line":73,"column":8},"end":{"line":73,"column":110}},"8":{"start":{"line":74,"column":8},"end":{"line":74,"column":112}},"9":{"start":{"line":77,"column":8},"end":{"line":77,"column":32}},"10":{"start":{"line":79,"column":8},"end":{"line":79,"column":36}},"11":{"start":{"line":80,"column":8},"end":{"line":80,"column":56}},"12":{"start":{"line":86,"column":8},"end":{"line":86,"column":106}},"13":{"start":{"line":87,"column":8},"end":{"line":87,"column":77}},"14":{"start":{"line":88,"column":8},"end":{"line":88,"column":65}},"15":{"start":{"line":94,"column":8},"end":{"line":94,"column":35}},"16":{"start":{"line":101,"column":8},"end":{"line":101,"column":111}},"17":{"start":{"line":104,"column":8},"end":{"line":104,"column":32}},"18":{"start":{"line":106,"column":8},"end":{"line":106,"column":36}},"19":{"start":{"line":108,"column":8},"end":{"line":108,"column":112}},"20":{"start":{"line":112,"column":8},"end":{"line":112,"column":121}},"21":{"start":{"line":114,"column":8},"end":{"line":114,"column":121}},"22":{"start":{"line":118,"column":8},"end":{"line":118,"column":122}},"23":{"start":{"line":120,"column":8},"end":{"line":120,"column":113}},"24":{"start":{"line":124,"column":8},"end":{"line":124,"column":106}},"25":{"start":{"line":126,"column":8},"end":{"line":126,"column":105}},"26":{"start":{"line":131,"column":7},"end":{"line":131,"column":112}},"27":{"start":{"line":132,"column":7},"end":{"line":132,"column":30}},"28":{"start":{"line":133,"column":6},"end":{"line":133,"column":4812}},"29":{"start":{"line":134,"column":11},"end":{"line":134,"column":4880}},"30":{"start":{"line":141,"column":7},"end":{"line":141,"column":96}}},"branchMap":{"1":{"line":42,"type":"if","locations":[{"start":{"line":42,"column":8},"end":{"line":42,"column":8}},{"start":{"line":42,"column":8},"end":{"line":42,"column":8}}]},"2":{"line":50,"type":"if","locations":[{"start":{"line":50,"column":46},"end":{"line":50,"column":46}},{"start":{"line":50,"column":46},"end":{"line":50,"column":46}}]},"3":{"line":54,"type":"if","locations":[{"start":{"line":54,"column":47},"end":{"line":54,"column":47}},{"start":{"line":54,"column":47},"end":{"line":54,"column":47}}]},"4":{"line":61,"type":"if","locations":[{"start":{"line":61,"column":46},"end":{"line":61,"column":46}},{"start":{"line":61,"column":46},"end":{"line":61,"column":46}}]},"5":{"line":62,"type":"if","locations":[{"start":{"line":62,"column":8},"end":{"line":62,"column":8}},{"start":{"line":62,"column":8},"end":{"line":62,"column":8}}]},"6":{"line":63,"type":"if","locations":[{"start":{"line":63,"column":8},"end":{"line":63,"column":8}},{"start":{"line":63,"column":8},"end":{"line":63,"column":8}}]},"7":{"line":72,"type":"if","locations":[{"start":{"line":72,"column":57},"end":{"line":72,"column":57}},{"start":{"line":72,"column":57},"end":{"line":72,"column":57}}]},"8":{"line":73,"type":"if","locations":[{"start":{"line":73,"column":8},"end":{"line":73,"column":8}},{"start":{"line":73,"column":8},"end":{"line":73,"column":8}}]},"9":{"line":74,"type":"if","locations":[{"start":{"line":74,"column":8},"end":{"line":74,"column":8}},{"start":{"line":74,"column":8},"end":{"line":74,"column":8}}]},"10":{"line":85,"type":"if","locations":[{"start":{"line":85,"column":41},"end":{"line":85,"column":41}},{"start":{"line":85,"column":41},"end":{"line":85,"column":41}}]},"11":{"line":86,"type":"if","locations":[{"start":{"line":86,"column":8},"end":{"line":86,"column":8}},{"start":{"line":86,"column":8},"end":{"line":86,"column":8}}]},"12":{"line":87,"type":"if","locations":[{"start":{"line":87,"column":8},"end":{"line":87,"column":8}},{"start":{"line":87,"column":8},"end":{"line":87,"column":8}}]},"13":{"line":88,"type":"if","locations":[{"start":{"line":88,"column":8},"end":{"line":88,"column":8}},{"start":{"line":88,"column":8},"end":{"line":88,"column":8}}]},"14":{"line":100,"type":"if","locations":[{"start":{"line":100,"column":50},"end":{"line":100,"column":50}},{"start":{"line":100,"column":50},"end":{"line":100,"column":50}}]},"15":{"line":101,"type":"if","locations":[{"start":{"line":101,"column":8},"end":{"line":101,"column":8}},{"start":{"line":101,"column":8},"end":{"line":101,"column":8}}]},"16":{"line":111,"type":"if","locations":[{"start":{"line":111,"column":48},"end":{"line":111,"column":48}},{"start":{"line":111,"column":48},"end":{"line":111,"column":48}}]},"17":{"line":112,"type":"if","locations":[{"start":{"line":112,"column":8},"end":{"line":112,"column":8}},{"start":{"line":112,"column":8},"end":{"line":112,"column":8}}]},"18":{"line":117,"type":"if","locations":[{"start":{"line":117,"column":43},"end":{"line":117,"column":43}},{"start":{"line":117,"column":43},"end":{"line":117,"column":43}}]},"19":{"line":118,"type":"if","locations":[{"start":{"line":118,"column":8},"end":{"line":118,"column":8}},{"start":{"line":118,"column":8},"end":{"line":118,"column":8}}]},"20":{"line":123,"type":"if","locations":[{"start":{"line":123,"column":41},"end":{"line":123,"column":41}},{"start":{"line":123,"column":41},"end":{"line":123,"column":41}}]},"21":{"line":124,"type":"if","locations":[{"start":{"line":124,"column":8},"end":{"line":124,"column":8}},{"start":{"line":124,"column":8},"end":{"line":124,"column":8}}]},"22":{"line":130,"type":"if","locations":[{"start":{"line":130,"column":34},"end":{"line":130,"column":34}},{"start":{"line":130,"column":34},"end":{"line":130,"column":34}}]},"23":{"line":131,"type":"if","locations":[{"start":{"line":131,"column":7},"end":{"line":131,"column":7}},{"start":{"line":131,"column":7},"end":{"line":131,"column":7}}]},"24":{"line":134,"type":"if","locations":[{"start":{"line":134,"column":11},"end":{"line":134,"column":11}},{"start":{"line":134,"column":11},"end":{"line":134,"column":11}}]}}}}