TN:
SF:/Users/jordandivita/dev/project2/contracts/Voting.sol
FN:41,onlyVoters
FN:50,getVoter
FN:54,getOneProposal
FN:61,addVoter
FN:72,addProposal
FN:85,setVote
FN:100,startProposalsRegistering
FN:111,endProposalsRegistering
FN:117,startVotingSession
FN:123,endVotingSession
FN:130,tallyVotes
FNF:11
FNH:11
FNDA:54,onlyVoters
FNDA:2,getVoter
FNDA:1,getOneProposal
FNDA:115,addVoter
FNDA:33,addProposal
FNDA:14,setVote
FNDA:49,startProposalsRegistering
FNDA:37,endProposalsRegistering
FNDA:29,startVotingSession
FNDA:20,endVotingSession
FNDA:13,tallyVotes
DA:42,54
DA:43,50
DA:51,2
DA:55,1
DA:62,115
DA:63,114
DA:65,113
DA:66,113
DA:73,33
DA:74,32
DA:77,31
DA:78,31
DA:79,31
DA:80,31
DA:86,14
DA:87,14
DA:88,14
DA:90,14
DA:91,14
DA:92,14
DA:94,14
DA:101,49
DA:102,44
DA:104,44
DA:105,44
DA:106,44
DA:108,44
DA:112,37
DA:113,32
DA:114,32
DA:118,29
DA:119,24
DA:120,24
DA:124,20
DA:125,15
DA:126,15
DA:131,13
DA:132,8
DA:133,8
DA:134,16
DA:135,7
DA:138,8
DA:140,8
DA:141,8
LF:44
LH:44
BRDA:42,1,0,50
BRDA:42,1,1,4
BRDA:50,2,0,2
BRDA:50,2,1,2
BRDA:54,3,0,1
BRDA:54,3,1,0
BRDA:61,4,0,115
BRDA:61,4,1,1
BRDA:62,5,0,114
BRDA:62,5,1,1
BRDA:63,6,0,113
BRDA:63,6,1,1
BRDA:72,7,0,33
BRDA:72,7,1,1
BRDA:73,8,0,32
BRDA:73,8,1,1
BRDA:74,9,0,31
BRDA:74,9,1,1
BRDA:85,10,0,14
BRDA:85,10,1,1
BRDA:86,11,0,14
BRDA:86,11,1,0
BRDA:87,12,0,14
BRDA:87,12,1,0
BRDA:88,13,0,14
BRDA:88,13,1,0
BRDA:100,14,0,49
BRDA:100,14,1,1
BRDA:101,15,0,44
BRDA:101,15,1,5
BRDA:111,16,0,37
BRDA:111,16,1,1
BRDA:112,17,0,32
BRDA:112,17,1,5
BRDA:117,18,0,29
BRDA:117,18,1,1
BRDA:118,19,0,24
BRDA:118,19,1,5
BRDA:123,20,0,20
BRDA:123,20,1,1
BRDA:124,21,0,15
BRDA:124,21,1,5
BRDA:130,22,0,13
BRDA:130,22,1,1
BRDA:131,23,0,8
BRDA:131,23,1,5
BRDA:134,24,0,7
BRDA:134,24,1,9
BRF:48
BRH:44
end_of_record
