TN:
SF:/Users/jordandivita/dev/project2/contracts/Voting.sol
FN:41,onlyVoters
FN:50,getVoter
FN:54,getOneProposal
FN:61,addVoter
FN:72,addProposal
FN:85,setVote
FN:100,startProposalsRegistering
FN:111,endProposalsRegistering
FN:117,startVotingSession
FN:123,endVotingSession
FN:130,tallyVotes
FNF:11
FNH:11
FNDA:52,onlyVoters
FNDA:2,getVoter
FNDA:1,getOneProposal
FNDA:113,addVoter
FNDA:32,addProposal
FNDA:13,setVote
FNDA:48,startProposalsRegistering
FNDA:36,endProposalsRegistering
FNDA:28,startVotingSession
FNDA:20,endVotingSession
FNDA:13,tallyVotes
DA:42,52
DA:43,48
DA:51,2
DA:55,1
DA:62,113
DA:63,112
DA:65,111
DA:66,111
DA:73,32
DA:74,31
DA:77,30
DA:78,30
DA:79,30
DA:80,30
DA:86,13
DA:87,13
DA:88,13
DA:90,13
DA:91,13
DA:92,13
DA:94,13
DA:101,48
DA:102,43
DA:104,43
DA:105,43
DA:106,43
DA:108,43
DA:112,36
DA:113,31
DA:114,31
DA:118,28
DA:119,23
DA:120,23
DA:124,20
DA:125,15
DA:126,15
DA:131,13
DA:132,8
DA:133,8
DA:134,16
DA:135,7
DA:138,8
DA:140,8
DA:141,8
LF:44
LH:44
BRDA:42,1,0,48
BRDA:42,1,1,4
BRDA:50,2,0,2
BRDA:50,2,1,2
BRDA:54,3,0,1
BRDA:54,3,1,0
BRDA:61,4,0,113
BRDA:61,4,1,1
BRDA:62,5,0,112
BRDA:62,5,1,1
BRDA:63,6,0,111
BRDA:63,6,1,1
BRDA:72,7,0,32
BRDA:72,7,1,1
BRDA:73,8,0,31
BRDA:73,8,1,1
BRDA:74,9,0,30
BRDA:74,9,1,1
BRDA:85,10,0,13
BRDA:85,10,1,1
BRDA:86,11,0,13
BRDA:86,11,1,0
BRDA:87,12,0,13
BRDA:87,12,1,0
BRDA:88,13,0,13
BRDA:88,13,1,0
BRDA:100,14,0,48
BRDA:100,14,1,1
BRDA:101,15,0,43
BRDA:101,15,1,5
BRDA:111,16,0,36
BRDA:111,16,1,1
BRDA:112,17,0,31
BRDA:112,17,1,5
BRDA:117,18,0,28
BRDA:117,18,1,1
BRDA:118,19,0,23
BRDA:118,19,1,5
BRDA:123,20,0,20
BRDA:123,20,1,1
BRDA:124,21,0,15
BRDA:124,21,1,5
BRDA:130,22,0,13
BRDA:130,22,1,1
BRDA:131,23,0,8
BRDA:131,23,1,5
BRDA:134,24,0,7
BRDA:134,24,1,9
BRF:48
BRH:44
end_of_record
